<?xml version="1.0" encoding="UTF-8"?>
<!-- Generated by org.testng.reporters.JUnitReportReporter -->
<testsuite skipped="0" hostname="MSI" name="com.automation.tests.LoginTest" tests="1" failures="0" timestamp="2022-02-08T08:13:09 IST" time="9.811" errors="0">
  <testcase name="verifyUserCanLogin" time="9.811" classname="com.automation.tests.LoginTest"/>
  <system-out/>
</testsuite> <!-- com.automation.tests.LoginTest -->
