<?xml version="1.0" encoding="UTF-8"?>
<!-- Generated by org.testng.reporters.JUnitReportReporter -->
<testsuite skipped="0" hostname="MSI" name="com.automation.tests.EndToEndTest" tests="1" failures="0" timestamp="2022-02-09T06:14:55 IST" time="16.207" errors="0">
  <testcase name="verifyUserCanPlaceOrder" time="16.207" classname="com.automation.tests.EndToEndTest"/>
  <system-out/>
</testsuite> <!-- com.automation.tests.EndToEndTest -->
